#
# There is insufficient memory for the Java Runtime Environment to continue.
# Native memory allocation (malloc) failed to allocate 1048576 bytes. Error detail: AllocateHeap
# Possible reasons:
#   The system is out of physical RAM or swap space
#   This process is running with CompressedOops enabled, and the Java Heap may be blocking the growth of the native heap
# Possible solutions:
#   Reduce memory load on the system
#   Increase physical memory or swap space
#   Check if swap backing store is full
#   Decrease Java heap size (-Xmx/-Xms)
#   Decrease number of Java threads
#   Decrease Java thread stack sizes (-Xss)
#   Set larger code cache with -XX:ReservedCodeCacheSize=
#   JVM is running with Unscaled Compressed Oops mode in which the Java heap is
#     placed in the first 4GB address space. The Java Heap base address is the
#     maximum limit for the native heap growth. Please use -XX:HeapBaseMinAddress
#     to set the Java Heap base and to place the Java Heap above 4GB virtual address.
# This output file may be truncated or incomplete.
#
#  Out of Memory Error (allocation.cpp:44), pid=32328, tid=27960
#
# JRE version: OpenJDK Runtime Environment Temurin-21.0.10+7 (21.0.10+7) (build 21.0.10+7-LTS)
# Java VM: OpenJDK 64-Bit Server VM Temurin-21.0.10+7 (21.0.10+7-LTS, mixed mode, sharing, tiered, compressed oops, compressed class ptrs, parallel gc, windows-amd64)
# No core dump will be written. Minidumps are not enabled by default on client versions of Windows
#

---------------  S U M M A R Y ------------

Command Line: --add-modules=ALL-SYSTEM --add-opens=java.base/java.util=ALL-UNNAMED --add-opens=java.base/java.lang=ALL-UNNAMED --add-opens=java.base/sun.nio.fs=ALL-UNNAMED -Declipse.application=org.eclipse.jdt.ls.core.id1 -Dosgi.bundles.defaultStartLevel=4 -Declipse.product=org.eclipse.jdt.ls.core.product -Djava.import.generatesMetadataFilesAtProjectRoot=false -DDetectVMInstallationsJob.disabled=true -Dfile.encoding=utf8 -XX:+UseParallelGC -XX:GCTimeRatio=4 -XX:AdaptiveSizePolicyWeight=90 -Dsun.zip.disableMemoryMapping=true -Xmx2G -Xms100m -Xlog:disable -javaagent:c:\Users\marce\.vscode\extensions\redhat.java-1.54.0-win32-x64\lombok\lombok-1.18.39-4050.jar -XX:+HeapDumpOnOutOfMemoryError -XX:HeapDumpPath=c:\Users\marce\AppData\Roaming\Code\User\workspaceStorage\9627c58f7695af0fbb4d2b9188795bff\redhat.java -Daether.dependencyCollector.impl=bf c:\Users\marce\.vscode\extensions\redhat.java-1.54.0-win32-x64\server\plugins\org.eclipse.equinox.launcher_1.7.100.v20251111-0406.jar -configuration c:\Users\marce\AppData\Roaming\Code\User\globalStorage\redhat.java\1.54.0\config_win -data c:\Users\marce\AppData\Roaming\Code\User\workspaceStorage\9627c58f7695af0fbb4d2b9188795bff\redhat.java\jdt_ws --pipe=\\.\pipe\lsp-888dec0dca78861290f6c8156e219671-sock

Host: 12th Gen Intel(R) Core(TM) i5-12500H, 16 cores, 7G,  Windows 11 , 64 bit Build 26100 (10.0.26100.8328)
Time: Thu May 21 00:47:41 2026 Pacific SA Standard Time elapsed time: 1126.485486 seconds (0d 0h 18m 46s)

---------------  T H R E A D  ---------------

Current thread (0x00000263c1d18cf0):  JavaThread "Attach Listener" daemon [_thread_in_vm, id=27960, stack(0x000000e53b900000,0x000000e53ba00000) (1024K)]

Stack: [0x000000e53b900000,0x000000e53ba00000]
Native frames: (J=compiled Java code, j=interpreted, Vv=VM code, C=native code)
V  [jvm.dll+0x6d7a39]
V  [jvm.dll+0x8b4b26]
V  [jvm.dll+0x8b70de]
V  [jvm.dll+0x8b77c3]
V  [jvm.dll+0x284346]
V  [jvm.dll+0xc1277]
V  [jvm.dll+0x6d82e9]
V  [jvm.dll+0x1334a6]
V  [jvm.dll+0x3f857e]
V  [jvm.dll+0x85f59d]
V  [jvm.dll+0x6d626d]
C  [ucrtbase.dll+0x37b0]
C  [KERNEL32.DLL+0x2e957]
C  [ntdll.dll+0x427c]


---------------  P R O C E S S  ---------------

Threads class SMR info:
_java_thread_list=0x0000026425700280, length=58, elements={
0x00000263c1c6d690, 0x00000263d871e0b0, 0x00000263c1d12610, 0x00000263c1d15f00,
0x00000263c1d18cf0, 0x00000263c1d1a510, 0x00000263c1d1c4d0, 0x00000263c1d21de0,
0x00000263c1d2a400, 0x000002641ad4b870, 0x000002641c5d37c0, 0x000002642121acf0,
0x00000264211dde20, 0x0000026421157780, 0x0000026421162700, 0x0000026421601f00,
0x00000264219df750, 0x00000264217a9280, 0x00000264216ebde0, 0x00000264216eb750,
0x00000264216ee540, 0x00000264216ecb00, 0x00000264216edeb0, 0x000002642307fed0,
0x0000026423080560, 0x000002642307f1b0, 0x000002642307d0e0, 0x0000026423080bf0,
0x000002642307f840, 0x000002642307d770, 0x0000026423081280, 0x000002642307de00,
0x0000026423081910, 0x000002642307e490, 0x0000026423081fa0, 0x000002642307eb20,
0x0000026423083350, 0x0000026423084070, 0x00000264230839e0, 0x0000026423082630,
0x0000026423082cc0, 0x0000026423084700, 0x0000026423980d40, 0x00000264239806b0,
0x000002642397f990, 0x000002642397f300, 0x0000026423980020, 0x0000026423981a60,
0x00000264239820f0, 0x0000026423984ee0, 0x0000026423986290, 0x000002642609a1b0,
0x0000026426099b20, 0x000002642609a840, 0x000002642609b560, 0x000002642609aed0,
0x000002642609bbf0, 0x0000026426098e00
}

Java Threads: ( => current thread )
  0x00000263c1c6d690 JavaThread "main"                              [_thread_blocked, id=5816, stack(0x000000e53b200000,0x000000e53b300000) (1024K)]
  0x00000263d871e0b0 JavaThread "Reference Handler"          daemon [_thread_blocked, id=32516, stack(0x000000e53b600000,0x000000e53b700000) (1024K)]
  0x00000263c1d12610 JavaThread "Finalizer"                  daemon [_thread_blocked, id=23076, stack(0x000000e53b700000,0x000000e53b800000) (1024K)]
  0x00000263c1d15f00 JavaThread "Signal Dispatcher"          daemon [_thread_blocked, id=31880, stack(0x000000e53b800000,0x000000e53b900000) (1024K)]
=>0x00000263c1d18cf0 JavaThread "Attach Listener"            daemon [_thread_in_vm, id=27960, stack(0x000000e53b900000,0x000000e53ba00000) (1024K)]
  0x00000263c1d1a510 JavaThread "Service Thread"             daemon [_thread_blocked, id=35588, stack(0x000000e53ba00000,0x000000e53bb00000) (1024K)]
  0x00000263c1d1c4d0 JavaThread "Monitor Deflation Thread"   daemon [_thread_blocked, id=34652, stack(0x000000e53bb00000,0x000000e53bc00000) (1024K)]
  0x00000263c1d21de0 JavaThread "C2 CompilerThread0"         daemon [_thread_blocked, id=920, stack(0x000000e53bc00000,0x000000e53bd00000) (1024K)]
  0x00000263c1d2a400 JavaThread "C1 CompilerThread0"         daemon [_thread_blocked, id=11856, stack(0x000000e53bd00000,0x000000e53be00000) (1024K)]
  0x000002641ad4b870 JavaThread "Common-Cleaner"             daemon [_thread_blocked, id=32224, stack(0x000000e53c100000,0x000000e53c200000) (1024K)]
  0x000002641c5d37c0 JavaThread "Notification Thread"        daemon [_thread_blocked, id=26312, stack(0x000000e53c200000,0x000000e53c300000) (1024K)]
  0x000002642121acf0 JavaThread "Active Thread: Equinox Container: 288de80e-73ab-48d2-b651-4b93df6bd594"        [_thread_blocked, id=34704, stack(0x000000e53c900000,0x000000e53ca00000) (1024K)]
  0x00000264211dde20 JavaThread "Refresh Thread: Equinox Container: 288de80e-73ab-48d2-b651-4b93df6bd594" daemon [_thread_blocked, id=9016, stack(0x000000e53cb00000,0x000000e53cc00000) (1024K)]
  0x0000026421157780 JavaThread "Framework Event Dispatcher: Equinox Container: 288de80e-73ab-48d2-b651-4b93df6bd594" daemon [_thread_blocked, id=18172, stack(0x000000e53cc00000,0x000000e53cd00000) (1024K)]
  0x0000026421162700 JavaThread "Start Level: Equinox Container: 288de80e-73ab-48d2-b651-4b93df6bd594" daemon [_thread_blocked, id=11908, stack(0x000000e53cd00000,0x000000e53ce00000) (1024K)]
  0x0000026421601f00 JavaThread "Bundle File Closer"         daemon [_thread_blocked, id=22420, stack(0x000000e53d200000,0x000000e53d300000) (1024K)]
  0x00000264219df750 JavaThread "SCR Component Actor"        daemon [_thread_blocked, id=28800, stack(0x000000e53bf00000,0x000000e53c000000) (1024K)]
  0x00000264217a9280 JavaThread "Worker-JM"                         [_thread_blocked, id=34488, stack(0x000000e53ce00000,0x000000e53cf00000) (1024K)]
  0x00000264216ebde0 JavaThread "JNA Cleaner"                daemon [_thread_blocked, id=11128, stack(0x000000e53d500000,0x000000e53d600000) (1024K)]
  0x00000264216eb750 JavaThread "Worker-1"                          [_thread_blocked, id=10088, stack(0x000000e53d700000,0x000000e53d800000) (1024K)]
  0x00000264216ee540 JavaThread "Java indexing"              daemon [_thread_blocked, id=7700, stack(0x000000e53da00000,0x000000e53db00000) (1024K)]
  0x00000264216ecb00 JavaThread "Worker-2"                          [_thread_blocked, id=16004, stack(0x000000e53de00000,0x000000e53df00000) (1024K)]
  0x00000264216edeb0 JavaThread "Thread-1"                   daemon [_thread_in_native, id=32648, stack(0x000000e53e100000,0x000000e53e200000) (1024K)]
  0x000002642307fed0 JavaThread "Thread-2"                   daemon [_thread_in_native, id=1072, stack(0x000000e53e200000,0x000000e53e300000) (1024K)]
  0x0000026423080560 JavaThread "Thread-3"                   daemon [_thread_in_native, id=9996, stack(0x000000e53e300000,0x000000e53e400000) (1024K)]
  0x000002642307f1b0 JavaThread "Thread-4"                   daemon [_thread_in_native, id=6396, stack(0x000000e53e400000,0x000000e53e500000) (1024K)]
  0x000002642307d0e0 JavaThread "Thread-5"                   daemon [_thread_in_native, id=33492, stack(0x000000e53e500000,0x000000e53e600000) (1024K)]
  0x0000026423080bf0 JavaThread "Thread-6"                   daemon [_thread_in_native, id=36108, stack(0x000000e53e600000,0x000000e53e700000) (1024K)]
  0x000002642307f840 JavaThread "Thread-7"                   daemon [_thread_in_native, id=2356, stack(0x000000e53e700000,0x000000e53e800000) (1024K)]
  0x000002642307d770 JavaThread "Thread-8"                   daemon [_thread_in_native, id=36284, stack(0x000000e53e800000,0x000000e53e900000) (1024K)]
  0x0000026423081280 JavaThread "Thread-9"                   daemon [_thread_in_native, id=25712, stack(0x000000e53e900000,0x000000e53ea00000) (1024K)]
  0x000002642307de00 JavaThread "Thread-10"                  daemon [_thread_in_native, id=13440, stack(0x000000e53ea00000,0x000000e53eb00000) (1024K)]
  0x0000026423081910 JavaThread "Thread-11"                  daemon [_thread_in_native, id=36508, stack(0x000000e53eb00000,0x000000e53ec00000) (1024K)]
  0x000002642307e490 JavaThread "Thread-12"                  daemon [_thread_in_native, id=29104, stack(0x000000e53ec00000,0x000000e53ed00000) (1024K)]
  0x0000026423081fa0 JavaThread "Thread-13"                  daemon [_thread_in_native, id=31772, stack(0x000000e53ed00000,0x000000e53ee00000) (1024K)]
  0x000002642307eb20 JavaThread "Thread-14"                  daemon [_thread_in_native, id=8984, stack(0x000000e53ee00000,0x000000e53ef00000) (1024K)]
  0x0000026423083350 JavaThread "Thread-15"                  daemon [_thread_in_native, id=31900, stack(0x000000e53ef00000,0x000000e53f000000) (1024K)]
  0x0000026423084070 JavaThread "Thread-16"                  daemon [_thread_in_native, id=12464, stack(0x000000e53f000000,0x000000e53f100000) (1024K)]
  0x00000264230839e0 JavaThread "Thread-17"                  daemon [_thread_in_native, id=28236, stack(0x000000e53f100000,0x000000e53f200000) (1024K)]
  0x0000026423082630 JavaThread "pool-2-thread-1"                   [_thread_blocked, id=24408, stack(0x000000e53f200000,0x000000e53f300000) (1024K)]
  0x0000026423082cc0 JavaThread "WorkspaceEventsHandler"            [_thread_blocked, id=2808, stack(0x000000e53f300000,0x000000e53f400000) (1024K)]
  0x0000026423084700 JavaThread "pool-1-thread-1"                   [_thread_blocked, id=28060, stack(0x000000e53f400000,0x000000e53f500000) (1024K)]
  0x0000026423980d40 JavaThread "ForkJoinPool.commonPool-worker-1" daemon [_thread_blocked, id=36776, stack(0x000000e53f500000,0x000000e53f600000) (1024K)]
  0x00000264239806b0 JavaThread "ForkJoinPool.commonPool-worker-2" daemon [_thread_blocked, id=4848, stack(0x000000e53f600000,0x000000e53f700000) (1024K)]
  0x000002642397f990 JavaThread "ForkJoinPool.commonPool-worker-3" daemon [_thread_blocked, id=27768, stack(0x000000e53f700000,0x000000e53f800000) (1024K)]
  0x000002642397f300 JavaThread "ForkJoinPool.commonPool-worker-4" daemon [_thread_blocked, id=35596, stack(0x000000e53f800000,0x000000e53f900000) (1024K)]
  0x0000026423980020 JavaThread "ForkJoinPool.commonPool-worker-5" daemon [_thread_blocked, id=23268, stack(0x000000e53f900000,0x000000e53fa00000) (1024K)]
  0x0000026423981a60 JavaThread "ForkJoinPool.commonPool-worker-7" daemon [_thread_blocked, id=3276, stack(0x000000e53fb00000,0x000000e53fc00000) (1024K)]
  0x00000264239820f0 JavaThread "ForkJoinPool.commonPool-worker-8" daemon [_thread_blocked, id=14256, stack(0x000000e53fc00000,0x000000e53fd00000) (1024K)]
  0x0000026423984ee0 JavaThread "ForkJoinPool.commonPool-worker-12" daemon [_thread_blocked, id=8144, stack(0x000000e540000000,0x000000e540100000) (1024K)]
  0x0000026423986290 JavaThread "ForkJoinPool.commonPool-worker-15" daemon [_thread_blocked, id=12556, stack(0x000000e540300000,0x000000e540400000) (1024K)]
  0x000002642609a1b0 JavaThread "Java Debug Server"          daemon [_thread_in_native, id=11196, stack(0x000000e540400000,0x000000e540500000) (1024K)]
  0x0000026426099b20 JavaThread "pool-4-thread-1"                   [_thread_in_native, id=34864, stack(0x000000e540500000,0x000000e540600000) (1024K)]
  0x000002642609a840 JavaThread "Cleaner-0"                  daemon [_thread_blocked, id=35900, stack(0x000000e540600000,0x000000e540700000) (1024K)]
  0x000002642609b560 JavaThread "RxSchedulerPurge-1"         daemon [_thread_blocked, id=18948, stack(0x000000e540700000,0x000000e540800000) (1024K)]
  0x000002642609aed0 JavaThread "RxCachedWorkerPoolEvictor-1" daemon [_thread_blocked, id=16012, stack(0x000000e540800000,0x000000e540900000) (1024K)]
  0x000002642609bbf0 JavaThread "RxNewThreadScheduler-1"     daemon [_thread_blocked, id=32200, stack(0x000000e540900000,0x000000e540a00000) (1024K)]
  0x0000026426098e00 JavaThread "process reaper (pid 23560)" daemon [_thread_in_native, id=27696, stack(0x000000e53ab30000,0x000000e53ab50000) (128K)]
Total: 58

Other Threads:
  0x00000263d8704090 VMThread "VM Thread"                           [id=28024, stack(0x000000e53b500000,0x000000e53b600000) (1024K)]
  0x00000263d85fca10 WatcherThread "VM Periodic Task Thread"        [id=17676, stack(0x000000e53b400000,0x000000e53b500000) (1024K)]
  0x00000263c1c8b910 WorkerThread "GC Thread#0"                     [id=8572, stack(0x000000e53b300000,0x000000e53b400000) (1024K)]
  0x000002641c788b50 WorkerThread "GC Thread#1"                     [id=33620, stack(0x000000e53c300000,0x000000e53c400000) (1024K)]
  0x000002641c7a18a0 WorkerThread "GC Thread#2"                     [id=2080, stack(0x000000e53c400000,0x000000e53c500000) (1024K)]
  0x000002641ca69610 WorkerThread "GC Thread#3"                     [id=36388, stack(0x000000e53c500000,0x000000e53c600000) (1024K)]
  0x000002641ca699c0 WorkerThread "GC Thread#4"                     [id=31484, stack(0x000000e53c600000,0x000000e53c700000) (1024K)]
  0x000002641ca69d70 WorkerThread "GC Thread#5"                     [id=24836, stack(0x000000e53c700000,0x000000e53c800000) (1024K)]
  0x000002641ca6a120 WorkerThread "GC Thread#6"                     [id=16636, stack(0x000000e53c800000,0x000000e53c900000) (1024K)]
  0x000002641c9ca430 WorkerThread "GC Thread#7"                     [id=2492, stack(0x000000e53ca00000,0x000000e53cb00000) (1024K)]
  0x000002642125e050 WorkerThread "GC Thread#8"                     [id=25768, stack(0x000000e53cf00000,0x000000e53d000000) (1024K)]
  0x000002642125e400 WorkerThread "GC Thread#9"                     [id=6260, stack(0x000000e53d000000,0x000000e53d100000) (1024K)]
  0x000002642125e7b0 WorkerThread "GC Thread#10"                    [id=5128, stack(0x000000e53d100000,0x000000e53d200000) (1024K)]
  0x000002641ab54300 WorkerThread "GC Thread#11"                    [id=35180, stack(0x000000e53d300000,0x000000e53d400000) (1024K)]
  0x000002641ab54ac0 WorkerThread "GC Thread#12"                    [id=6916, stack(0x000000e53d400000,0x000000e53d500000) (1024K)]
Total: 15

Threads with active compile tasks:
Total: 0

VM state: not at safepoint (normal execution)

VM Mutex/Monitor currently owned by a thread: None

Heap address: 0x0000000080000000, size: 2048 MB, Compressed Oops mode: 32-bit

CDS archive(s) mapped at: [0x00000263d9000000-0x00000263d9ba0000-0x00000263d9ba0000), size 12189696, SharedBaseAddress: 0x00000263d9000000, ArchiveRelocationMode: 1.
Compressed class space mapped at: 0x00000263da000000-0x000002641a000000, reserved size: 1073741824
Narrow klass base: 0x00000263d9000000, Narrow klass shift: 0, Narrow klass range: 0x100000000

GC Precious Log:
 CardTable entry size: 512
 CPUs: 16 total, 16 available
 Memory: 7811M
 Large Page Support: Disabled
 NUMA Support: Disabled
 Compressed Oops: Enabled (32-bit)
 Alignments: Space 512K, Generation 512K, Heap 2M
 Heap Min Capacity: 100M
 Heap Initial Capacity: 100M
 Heap Max Capacity: 2G
 Pre-touch: Disabled
 Parallel Workers: 13

Heap:
 PSYoungGen      total 16384K, used 2497K [0x00000000d5580000, 0x00000000d6700000, 0x0000000100000000)
  eden space 15872K, 12% used [0x00000000d5580000,0x00000000d57784d0,0x00000000d6500000)
  from space 512K, 93% used [0x00000000d6680000,0x00000000d66f8020,0x00000000d6700000)
  to   space 1024K, 0% used [0x00000000d6500000,0x00000000d6500000,0x00000000d6600000)
 ParOldGen       total 89088K, used 88602K [0x0000000080000000, 0x0000000085700000, 0x00000000d5580000)
  object space 89088K, 99% used [0x0000000080000000,0x0000000085686a10,0x0000000085700000)
 Metaspace       used 70553K, committed 72192K, reserved 1114112K
  class space    used 7518K, committed 8256K, reserved 1048576K

Card table byte_map: [0x00000263c1610000,0x00000263c1a20000] _byte_map_base: 0x00000263c1210000

Marking Bits: (ParMarkBitMap*) 0x00007ffd9cd33450
 Begin Bits: [0x00000263d4120000, 0x00000263d6120000)
 End Bits:   [0x00000263d6120000, 0x00000263d8120000)

Polling page: 0x00000263bfb40000

Metaspace:

Usage:
  Non-class:     61.56 MB used.
      Class:      7.34 MB used.
       Both:     68.90 MB used.

Virtual space:
  Non-class space:       64.00 MB reserved,      62.44 MB ( 98%) committed,  1 nodes.
      Class space:        1.00 GB reserved,       8.06 MB ( <1%) committed,  1 nodes.
             Both:        1.06 GB reserved,      70.50 MB (  6%) committed. 

Chunk freelists:
   Non-Class:  1.50 MB
       Class:  7.87 MB
        Both:  9.37 MB

MaxMetaspaceSize: unlimited
CompressedClassSpaceSize: 1.00 GB
Initial GC threshold: 21.00 MB
Current GC threshold: 97.31 MB
CDS: on
 - commit_granule_bytes: 65536.
 - commit_granule_words: 8192.
 - virtual_space_node_default_size: 8388608.
 - enlarge_chunks_in_place: 1.
 - use_allocation_guard: 0.


Internal statistics:

num_allocs_failed_limit: 9.
num_arena_births: 1372.
num_arena_deaths: 14.
num_vsnodes_births: 2.
num_vsnodes_deaths: 0.
num_space_committed: 1128.
num_space_uncommitted: 0.
num_chunks_returned_to_freelist: 23.
num_chunks_taken_from_freelist: 4775.
num_chunk_merges: 11.
num_chunk_splits: 2898.
num_chunks_enlarged: 1576.
num_inconsistent_stats: 0.

CodeHeap 'non-profiled nmethods': size=119168Kb used=7571Kb max_used=7571Kb free=111596Kb
 bounds [0x00000263cca10000, 0x00000263cd180000, 0x00000263d3e70000]
CodeHeap 'profiled nmethods': size=119104Kb used=26874Kb max_used=26874Kb free=92229Kb
 bounds [0x00000263c4e70000, 0x00000263c68b0000, 0x00000263cc2c0000]
CodeHeap 'non-nmethods': size=7488Kb used=1468Kb max_used=3206Kb free=6019Kb
 bounds [0x00000263cc2c0000, 0x00000263cc5f0000, 0x00000263cca10000]
CodeCache: size=245760Kb, used=35913Kb, max_used=37651Kb, free=209844Kb
 total_blobs=12406, nmethods=11621, adapters=690, full_count=0
Compilation: enabled, stopped_count=0, restarted_count=0

Compilation events (20 events):
Event: 709.331 Thread 0x00000263c1d2a400 12393       3       org.eclipse.jdt.internal.corext.dom.Selection::liesOutside (56 bytes)
Event: 709.332 Thread 0x00000263c1d2a400 nmethod 12393 0x00000263c68acd90 code [0x00000263c68acf40, 0x00000263c68ad1b8]
Event: 709.383 Thread 0x00000263c1d2a400 12395       1       org.eclipse.jdt.core.dom.ASTVisitor::visit (2 bytes)
Event: 709.390 Thread 0x00000263c1d2a400 nmethod 12395 0x00000263cd16f290 code [0x00000263cd16f420, 0x00000263cd16f4e8]
Event: 709.390 Thread 0x00000263c1d2a400 12396   !   3       org.eclipse.jdt.core.dom.PackageDeclaration::getName (60 bytes)
Event: 709.400 Thread 0x00000263c1d2a400 nmethod 12396 0x00000263c68ad290 code [0x00000263c68ad500, 0x00000263c68adff8]
Event: 805.345 Thread 0x00000263c1d21de0 12397       4       java.util.concurrent.locks.LockSupport::setBlocker (12 bytes)
Event: 805.360 Thread 0x00000263c1d21de0 nmethod 12397 0x00000263cd16f590 code [0x00000263cd16f700, 0x00000263cd16f788]
Event: 1001.343 Thread 0x00000263c1d21de0 12398       4       java.util.concurrent.locks.AbstractQueuedSynchronizer$Node::setStatusRelaxed (12 bytes)
Event: 1001.351 Thread 0x00000263c1d21de0 nmethod 12398 0x00000263cd16f890 code [0x00000263cd16fa20, 0x00000263cd16fab0]
Event: 1024.340 Thread 0x00000263c1d21de0 12399       4       java.util.concurrent.ThreadPoolExecutor::beforeExecute (1 bytes)
Event: 1024.341 Thread 0x00000263c1d21de0 nmethod 12399 0x00000263cd16fb90 code [0x00000263cd16fd20, 0x00000263cd16fda8]
Event: 1039.484 Thread 0x00000263c1d21de0 12400       4       java.util.concurrent.ThreadPoolExecutor::afterExecute (1 bytes)
Event: 1039.485 Thread 0x00000263c1d21de0 nmethod 12400 0x00000263cd16fe90 code [0x00000263cd170020, 0x00000263cd1700a8]
Event: 1044.345 Thread 0x00000263c1d21de0 12401       4       java.util.concurrent.ConcurrentHashMap$CollectionView::toArray (145 bytes)
Event: 1044.623 Thread 0x00000263c1d21de0 nmethod 12401 0x00000263cd170190 code [0x00000263cd170380, 0x00000263cd170d10]
Event: 1044.625 Thread 0x00000263c1d21de0 12402       4       io.reactivex.internal.schedulers.SchedulerPoolFactory$ScheduledTask::run (66 bytes)
Event: 1044.873 Thread 0x00000263c1d21de0 nmethod 12402 0x00000263cd171490 code [0x00000263cd171760, 0x00000263cd172d00]
Event: 1108.953 Thread 0x00000263c1d2a400 12404       3       java.util.concurrent.ScheduledThreadPoolExecutor::triggerTime (22 bytes)
Event: 1108.960 Thread 0x00000263c1d2a400 nmethod 12404 0x00000263c68ae710 code [0x00000263c68ae8c0, 0x00000263c68aeaa0]

GC Heap History (20 events):
Event: 18.772 GC heap before
{Heap before GC invocations=88 (full 3):
 PSYoungGen      total 18432K, used 18079K [0x00000000d5580000, 0x00000000d6980000, 0x0000000100000000)
  eden space 16384K, 99% used [0x00000000d5580000,0x00000000d657ffe8,0x00000000d6580000)
  from space 2048K, 82% used [0x00000000d6780000,0x00000000d6928000,0x00000000d6980000)
  to   space 2048K, 0% used [0x00000000d6580000,0x00000000d6580000,0x00000000d6780000)
 ParOldGen       total 78848K, used 78817K [0x0000000080000000, 0x0000000084d00000, 0x00000000d5580000)
  object space 78848K, 99% used [0x0000000080000000,0x0000000084cf8738,0x0000000084d00000)
 Metaspace       used 62418K, committed 63936K, reserved 1114112K
  class space    used 6631K, committed 7296K, reserved 1048576K
}
Event: 18.774 GC heap after
{Heap after GC invocations=88 (full 3):
 PSYoungGen      total 18432K, used 2044K [0x00000000d5580000, 0x00000000d6e80000, 0x0000000100000000)
  eden space 16384K, 0% used [0x00000000d5580000,0x00000000d5580000,0x00000000d6580000)
  from space 2048K, 99% used [0x00000000d6580000,0x00000000d677f0d0,0x00000000d6780000)
  to   space 4608K, 0% used [0x00000000d6a00000,0x00000000d6a00000,0x00000000d6e80000)
 ParOldGen       total 81408K, used 80913K [0x0000000080000000, 0x0000000084f80000, 0x00000000d5580000)
  object space 81408K, 99% used [0x0000000080000000,0x0000000084f04738,0x0000000084f80000)
 Metaspace       used 62418K, committed 63936K, reserved 1114112K
  class space    used 6631K, committed 7296K, reserved 1048576K
}
Event: 18.861 GC heap before
{Heap before GC invocations=89 (full 3):
 PSYoungGen      total 18432K, used 18428K [0x00000000d5580000, 0x00000000d6e80000, 0x0000000100000000)
  eden space 16384K, 100% used [0x00000000d5580000,0x00000000d6580000,0x00000000d6580000)
  from space 2048K, 99% used [0x00000000d6580000,0x00000000d677f0d0,0x00000000d6780000)
  to   space 4608K, 0% used [0x00000000d6a00000,0x00000000d6a00000,0x00000000d6e80000)
 ParOldGen       total 81408K, used 80913K [0x0000000080000000, 0x0000000084f80000, 0x00000000d5580000)
  object space 81408K, 99% used [0x0000000080000000,0x0000000084f04738,0x0000000084f80000)
 Metaspace       used 62829K, committed 64384K, reserved 1114112K
  class space    used 6700K, committed 7360K, reserved 1048576K
}
Event: 18.863 GC heap after
{Heap after GC invocations=89 (full 3):
 PSYoungGen      total 17920K, used 1469K [0x00000000d5580000, 0x00000000d6b80000, 0x0000000100000000)
  eden space 16384K, 0% used [0x00000000d5580000,0x00000000d5580000,0x00000000d6580000)
  from space 1536K, 95% used [0x00000000d6a00000,0x00000000d6b6f5e0,0x00000000d6b80000)
  to   space 2560K, 0% used [0x00000000d6680000,0x00000000d6680000,0x00000000d6900000)
 ParOldGen       total 82432K, used 82207K [0x0000000080000000, 0x0000000085080000, 0x00000000d5580000)
  object space 82432K, 99% used [0x0000000080000000,0x0000000085047f10,0x0000000085080000)
 Metaspace       used 62829K, committed 64384K, reserved 1114112K
  class space    used 6700K, committed 7360K, reserved 1048576K
}
Event: 18.910 GC heap before
{Heap before GC invocations=90 (full 3):
 PSYoungGen      total 17920K, used 17853K [0x00000000d5580000, 0x00000000d6b80000, 0x0000000100000000)
  eden space 16384K, 100% used [0x00000000d5580000,0x00000000d6580000,0x00000000d6580000)
  from space 1536K, 95% used [0x00000000d6a00000,0x00000000d6b6f5e0,0x00000000d6b80000)
  to   space 2560K, 0% used [0x00000000d6680000,0x00000000d6680000,0x00000000d6900000)
 ParOldGen       total 82432K, used 82207K [0x0000000080000000, 0x0000000085080000, 0x00000000d5580000)
  object space 82432K, 99% used [0x0000000080000000,0x0000000085047f10,0x0000000085080000)
 Metaspace       used 63052K, committed 64640K, reserved 1114112K
  class space    used 6717K, committed 7360K, reserved 1048576K
}
Event: 18.912 GC heap after
{Heap after GC invocations=90 (full 3):
 PSYoungGen      total 18944K, used 1174K [0x00000000d5580000, 0x00000000d6a80000, 0x0000000100000000)
  eden space 16384K, 0% used [0x00000000d5580000,0x00000000d5580000,0x00000000d6580000)
  from space 2560K, 45% used [0x00000000d6680000,0x00000000d67a59b8,0x00000000d6900000)
  to   space 1536K, 0% used [0x00000000d6900000,0x00000000d6900000,0x00000000d6a80000)
 ParOldGen       total 83456K, used 83266K [0x0000000080000000, 0x0000000085180000, 0x00000000d5580000)
  object space 83456K, 99% used [0x0000000080000000,0x0000000085150bb0,0x0000000085180000)
 Metaspace       used 63052K, committed 64640K, reserved 1114112K
  class space    used 6717K, committed 7360K, reserved 1048576K
}
Event: 18.963 GC heap before
{Heap before GC invocations=91 (full 3):
 PSYoungGen      total 18944K, used 17558K [0x00000000d5580000, 0x00000000d6a80000, 0x0000000100000000)
  eden space 16384K, 100% used [0x00000000d5580000,0x00000000d6580000,0x00000000d6580000)
  from space 2560K, 45% used [0x00000000d6680000,0x00000000d67a59b8,0x00000000d6900000)
  to   space 1536K, 0% used [0x00000000d6900000,0x00000000d6900000,0x00000000d6a80000)
 ParOldGen       total 83456K, used 83266K [0x0000000080000000, 0x0000000085180000, 0x00000000d5580000)
  object space 83456K, 99% used [0x0000000080000000,0x0000000085150bb0,0x0000000085180000)
 Metaspace       used 63541K, committed 65088K, reserved 1114112K
  class space    used 6755K, committed 7424K, reserved 1048576K
}
Event: 18.965 GC heap after
{Heap after GC invocations=91 (full 3):
 PSYoungGen      total 16896K, used 352K [0x00000000d5580000, 0x00000000d6980000, 0x0000000100000000)
  eden space 16384K, 0% used [0x00000000d5580000,0x00000000d5580000,0x00000000d6580000)
  from space 512K, 68% used [0x00000000d6900000,0x00000000d6958000,0x00000000d6980000)
  to   space 1024K, 0% used [0x00000000d6780000,0x00000000d6780000,0x00000000d6880000)
 ParOldGen       total 83456K, used 83388K [0x0000000080000000, 0x0000000085180000, 0x00000000d5580000)
  object space 83456K, 99% used [0x0000000080000000,0x000000008516f020,0x0000000085180000)
 Metaspace       used 63541K, committed 65088K, reserved 1114112K
  class space    used 6755K, committed 7424K, reserved 1048576K
}
Event: 19.074 GC heap before
{Heap before GC invocations=92 (full 3):
 PSYoungGen      total 16896K, used 16736K [0x00000000d5580000, 0x00000000d6980000, 0x0000000100000000)
  eden space 16384K, 100% used [0x00000000d5580000,0x00000000d6580000,0x00000000d6580000)
  from space 512K, 68% used [0x00000000d6900000,0x00000000d6958000,0x00000000d6980000)
  to   space 1024K, 0% used [0x00000000d6780000,0x00000000d6780000,0x00000000d6880000)
 ParOldGen       total 83456K, used 83388K [0x0000000080000000, 0x0000000085180000, 0x00000000d5580000)
  object space 83456K, 99% used [0x0000000080000000,0x000000008516f020,0x0000000085180000)
 Metaspace       used 64908K, committed 66432K, reserved 1114112K
  class space    used 6872K, committed 7552K, reserved 1048576K
}
Event: 19.075 GC heap after
{Heap after GC invocations=92 (full 3):
 PSYoungGen      total 17408K, used 1017K [0x00000000d5580000, 0x00000000d6980000, 0x0000000100000000)
  eden space 16384K, 0% used [0x00000000d5580000,0x00000000d5580000,0x00000000d6580000)
  from space 1024K, 99% used [0x00000000d6780000,0x00000000d687e430,0x00000000d6880000)
  to   space 1024K, 0% used [0x00000000d6880000,0x00000000d6880000,0x00000000d6980000)
 ParOldGen       total 83968K, used 83728K [0x0000000080000000, 0x0000000085200000, 0x00000000d5580000)
  object space 83968K, 99% used [0x0000000080000000,0x00000000851c42d0,0x0000000085200000)
 Metaspace       used 64908K, committed 66432K, reserved 1114112K
  class space    used 6872K, committed 7552K, reserved 1048576K
}
Event: 19.201 GC heap before
{Heap before GC invocations=93 (full 3):
 PSYoungGen      total 17408K, used 17401K [0x00000000d5580000, 0x00000000d6980000, 0x0000000100000000)
  eden space 16384K, 100% used [0x00000000d5580000,0x00000000d6580000,0x00000000d6580000)
  from space 1024K, 99% used [0x00000000d6780000,0x00000000d687e430,0x00000000d6880000)
  to   space 1024K, 0% used [0x00000000d6880000,0x00000000d6880000,0x00000000d6980000)
 ParOldGen       total 83968K, used 83728K [0x0000000080000000, 0x0000000085200000, 0x00000000d5580000)
  object space 83968K, 99% used [0x0000000080000000,0x00000000851c42d0,0x0000000085200000)
 Metaspace       used 66683K, committed 68160K, reserved 1114112K
  class space    used 7025K, committed 7616K, reserved 1048576K
}
Event: 19.204 GC heap after
{Heap after GC invocations=93 (full 3):
 PSYoungGen      total 16896K, used 1010K [0x00000000d5580000, 0x00000000d6c80000, 0x0000000100000000)
  eden space 15872K, 0% used [0x00000000d5580000,0x00000000d5580000,0x00000000d6500000)
  from space 1024K, 98% used [0x00000000d6880000,0x00000000d697ca78,0x00000000d6980000)
  to   space 3584K, 0% used [0x00000000d6500000,0x00000000d6500000,0x00000000d6880000)
 ParOldGen       total 86016K, used 85777K [0x0000000080000000, 0x0000000085400000, 0x00000000d5580000)
  object space 86016K, 99% used [0x0000000080000000,0x00000000853c4740,0x0000000085400000)
 Metaspace       used 66683K, committed 68160K, reserved 1114112K
  class space    used 7025K, committed 7616K, reserved 1048576K
}
Event: 19.354 GC heap before
{Heap before GC invocations=94 (full 3):
 PSYoungGen      total 16896K, used 16882K [0x00000000d5580000, 0x00000000d6c80000, 0x0000000100000000)
  eden space 15872K, 100% used [0x00000000d5580000,0x00000000d6500000,0x00000000d6500000)
  from space 1024K, 98% used [0x00000000d6880000,0x00000000d697ca78,0x00000000d6980000)
  to   space 3584K, 0% used [0x00000000d6500000,0x00000000d6500000,0x00000000d6880000)
 ParOldGen       total 86016K, used 85777K [0x0000000080000000, 0x0000000085400000, 0x00000000d5580000)
  object space 86016K, 99% used [0x0000000080000000,0x00000000853c4740,0x0000000085400000)
 Metaspace       used 68310K, committed 69824K, reserved 1114112K
  class space    used 7240K, committed 7872K, reserved 1048576K
}
Event: 19.357 GC heap after
{Heap after GC invocations=94 (full 3):
 PSYoungGen      total 17408K, used 1376K [0x00000000d5580000, 0x00000000d6900000, 0x0000000100000000)
  eden space 15872K, 0% used [0x00000000d5580000,0x00000000d5580000,0x00000000d6500000)
  from space 1536K, 89% used [0x00000000d6500000,0x00000000d6658040,0x00000000d6680000)
  to   space 2048K, 0% used [0x00000000d6700000,0x00000000d6700000,0x00000000d6900000)
 ParOldGen       total 87040K, used 86771K [0x0000000080000000, 0x0000000085500000, 0x00000000d5580000)
  object space 87040K, 99% used [0x0000000080000000,0x00000000854bcfb0,0x0000000085500000)
 Metaspace       used 68310K, committed 69824K, reserved 1114112K
  class space    used 7240K, committed 7872K, reserved 1048576K
}
Event: 19.493 GC heap before
{Heap before GC invocations=95 (full 3):
 PSYoungGen      total 17408K, used 17222K [0x00000000d5580000, 0x00000000d6900000, 0x0000000100000000)
  eden space 15872K, 99% used [0x00000000d5580000,0x00000000d64f9af0,0x00000000d6500000)
  from space 1536K, 89% used [0x00000000d6500000,0x00000000d6658040,0x00000000d6680000)
  to   space 2048K, 0% used [0x00000000d6700000,0x00000000d6700000,0x00000000d6900000)
 ParOldGen       total 87040K, used 86771K [0x0000000080000000, 0x0000000085500000, 0x00000000d5580000)
  object space 87040K, 99% used [0x0000000080000000,0x00000000854bcfb0,0x0000000085500000)
 Metaspace       used 69348K, committed 70912K, reserved 1114112K
  class space    used 7421K, committed 8128K, reserved 1048576K
}
Event: 19.495 GC heap after
{Heap after GC invocations=95 (full 3):
 PSYoungGen      total 16384K, used 508K [0x00000000d5580000, 0x00000000d6780000, 0x0000000100000000)
  eden space 15872K, 0% used [0x00000000d5580000,0x00000000d5580000,0x00000000d6500000)
  from space 512K, 99% used [0x00000000d6700000,0x00000000d677f118,0x00000000d6780000)
  to   space 1024K, 0% used [0x00000000d6580000,0x00000000d6580000,0x00000000d6680000)
 ParOldGen       total 88064K, used 87938K [0x0000000080000000, 0x0000000085600000, 0x00000000d5580000)
  object space 88064K, 99% used [0x0000000080000000,0x00000000855e0a00,0x0000000085600000)
 Metaspace       used 69348K, committed 70912K, reserved 1114112K
  class space    used 7421K, committed 8128K, reserved 1048576K
}
Event: 267.239 GC heap before
{Heap before GC invocations=96 (full 3):
 PSYoungGen      total 16384K, used 16380K [0x00000000d5580000, 0x00000000d6780000, 0x0000000100000000)
  eden space 15872K, 100% used [0x00000000d5580000,0x00000000d6500000,0x00000000d6500000)
  from space 512K, 99% used [0x00000000d6700000,0x00000000d677f118,0x00000000d6780000)
  to   space 1024K, 0% used [0x00000000d6580000,0x00000000d6580000,0x00000000d6680000)
 ParOldGen       total 88064K, used 87938K [0x0000000080000000, 0x0000000085600000, 0x00000000d5580000)
  object space 88064K, 99% used [0x0000000080000000,0x00000000855e0a00,0x0000000085600000)
 Metaspace       used 70247K, committed 71872K, reserved 1114112K
  class space    used 7503K, committed 8192K, reserved 1048576K
}
Event: 267.284 GC heap after
{Heap after GC invocations=96 (full 3):
 PSYoungGen      total 16896K, used 640K [0x00000000d5580000, 0x00000000d6780000, 0x0000000100000000)
  eden space 15872K, 0% used [0x00000000d5580000,0x00000000d5580000,0x00000000d6500000)
  from space 1024K, 62% used [0x00000000d6580000,0x00000000d6620000,0x00000000d6680000)
  to   space 1024K, 0% used [0x00000000d6680000,0x00000000d6680000,0x00000000d6780000)
 ParOldGen       total 88576K, used 88138K [0x0000000080000000, 0x0000000085680000, 0x00000000d5580000)
  object space 88576K, 99% used [0x0000000080000000,0x0000000085612a00,0x0000000085680000)
 Metaspace       used 70247K, committed 71872K, reserved 1114112K
  class space    used 7503K, committed 8192K, reserved 1048576K
}
Event: 655.709 GC heap before
{Heap before GC invocations=97 (full 3):
 PSYoungGen      total 16896K, used 16512K [0x00000000d5580000, 0x00000000d6780000, 0x0000000100000000)
  eden space 15872K, 100% used [0x00000000d5580000,0x00000000d6500000,0x00000000d6500000)
  from space 1024K, 62% used [0x00000000d6580000,0x00000000d6620000,0x00000000d6680000)
  to   space 1024K, 0% used [0x00000000d6680000,0x00000000d6680000,0x00000000d6780000)
 ParOldGen       total 88576K, used 88138K [0x0000000080000000, 0x0000000085680000, 0x00000000d5580000)
  object space 88576K, 99% used [0x0000000080000000,0x0000000085612a00,0x0000000085680000)
 Metaspace       used 70525K, committed 72128K, reserved 1114112K
  class space    used 7516K, committed 8192K, reserved 1048576K
}
Event: 655.767 GC heap after
{Heap after GC invocations=97 (full 3):
 PSYoungGen      total 16384K, used 480K [0x00000000d5580000, 0x00000000d6700000, 0x0000000100000000)
  eden space 15872K, 0% used [0x00000000d5580000,0x00000000d5580000,0x00000000d6500000)
  from space 512K, 93% used [0x00000000d6680000,0x00000000d66f8020,0x00000000d6700000)
  to   space 1024K, 0% used [0x00000000d6500000,0x00000000d6500000,0x00000000d6600000)
 ParOldGen       total 89088K, used 88602K [0x0000000080000000, 0x0000000085700000, 0x00000000d5580000)
  object space 89088K, 99% used [0x0000000080000000,0x0000000085686a10,0x0000000085700000)
 Metaspace       used 70525K, committed 72128K, reserved 1114112K
  class space    used 7516K, committed 8192K, reserved 1048576K
}

Dll operation events (11 events):
Event: 0.017 Loaded shared library c:\Users\marce\.vscode\extensions\redhat.java-1.54.0-win32-x64\jre\21.0.10-win32-x86_64\bin\java.dll
Event: 0.128 Loaded shared library c:\Users\marce\.vscode\extensions\redhat.java-1.54.0-win32-x64\jre\21.0.10-win32-x86_64\bin\zip.dll
Event: 0.173 Loaded shared library C:\Users\marce\.vscode\extensions\redhat.java-1.54.0-win32-x64\jre\21.0.10-win32-x86_64\bin\instrument.dll
Event: 0.180 Loaded shared library C:\Users\marce\.vscode\extensions\redhat.java-1.54.0-win32-x64\jre\21.0.10-win32-x86_64\bin\net.dll
Event: 0.186 Loaded shared library C:\Users\marce\.vscode\extensions\redhat.java-1.54.0-win32-x64\jre\21.0.10-win32-x86_64\bin\nio.dll
Event: 0.191 Loaded shared library C:\Users\marce\.vscode\extensions\redhat.java-1.54.0-win32-x64\jre\21.0.10-win32-x86_64\bin\zip.dll
Event: 0.216 Loaded shared library C:\Users\marce\.vscode\extensions\redhat.java-1.54.0-win32-x64\jre\21.0.10-win32-x86_64\bin\jimage.dll
Event: 0.379 Loaded shared library c:\Users\marce\.vscode\extensions\redhat.java-1.54.0-win32-x64\jre\21.0.10-win32-x86_64\bin\verify.dll
Event: 2.319 Loaded shared library C:\Users\marce\AppData\Roaming\Code\User\globalStorage\redhat.java\1.54.0\config_win\org.eclipse.equinox.launcher\org.eclipse.equinox.launcher.win32.win32.x86_64_1.3.0.v20260203-2149\eclipse_11919.dll
Event: 6.032 Loaded shared library C:\Users\marce\AppData\Local\Temp\jna-103666240\jna15971218867544571049.dll
Event: 19.101 Loaded shared library C:\Users\marce\.vscode\extensions\redhat.java-1.54.0-win32-x64\jre\21.0.10-win32-x86_64\bin\extnet.dll

Deoptimization events (20 events):
Event: 486.393 Thread 0x0000026423982780 Uncommon trap: trap_request=0xffffffc6 fr.pc=0x00000263cce100c0 relative=0x0000000000000460
Event: 486.393 Thread 0x0000026423982780 Uncommon trap: reason=bimorphic_or_optimized_type_check action=maybe_recompile pc=0x00000263cce100c0 method=java.util.HashMap.removeNode(ILjava/lang/Object;Ljava/lang/Object;ZZ)Ljava/util/HashMap$Node; @ 283 c2
Event: 486.393 Thread 0x0000026423982780 DEOPT PACKING pc=0x00000263cce100c0 sp=0x000000e53fffe670
Event: 486.394 Thread 0x0000026423982780 DEOPT UNPACKING pc=0x00000263cc313aa2 sp=0x000000e53fffe618 mode 2
Event: 490.456 Thread 0x0000026423982780 Uncommon trap: trap_request=0xffffffc6 fr.pc=0x00000263cce100c0 relative=0x0000000000000460
Event: 490.456 Thread 0x0000026423982780 Uncommon trap: reason=bimorphic_or_optimized_type_check action=maybe_recompile pc=0x00000263cce100c0 method=java.util.HashMap.removeNode(ILjava/lang/Object;Ljava/lang/Object;ZZ)Ljava/util/HashMap$Node; @ 283 c2
Event: 490.456 Thread 0x0000026423982780 DEOPT PACKING pc=0x00000263cce100c0 sp=0x000000e53fffe670
Event: 490.457 Thread 0x0000026423982780 DEOPT UNPACKING pc=0x00000263cc313aa2 sp=0x000000e53fffe618 mode 2
Event: 541.982 Thread 0x0000026423985570 Uncommon trap: trap_request=0xffffffc6 fr.pc=0x00000263cce100c0 relative=0x0000000000000460
Event: 541.983 Thread 0x0000026423985570 Uncommon trap: reason=bimorphic_or_optimized_type_check action=maybe_recompile pc=0x00000263cce100c0 method=java.util.HashMap.removeNode(ILjava/lang/Object;Ljava/lang/Object;ZZ)Ljava/util/HashMap$Node; @ 283 c2
Event: 541.983 Thread 0x0000026423985570 DEOPT PACKING pc=0x00000263cce100c0 sp=0x000000e53fefed00
Event: 541.985 Thread 0x0000026423985570 DEOPT UNPACKING pc=0x00000263cc313aa2 sp=0x000000e53fefeca8 mode 2
Event: 545.743 Thread 0x0000026423985c00 Uncommon trap: trap_request=0xffffffc6 fr.pc=0x00000263cce100c0 relative=0x0000000000000460
Event: 545.743 Thread 0x0000026423985c00 Uncommon trap: reason=bimorphic_or_optimized_type_check action=maybe_recompile pc=0x00000263cce100c0 method=java.util.HashMap.removeNode(ILjava/lang/Object;Ljava/lang/Object;ZZ)Ljava/util/HashMap$Node; @ 283 c2
Event: 545.743 Thread 0x0000026423985c00 DEOPT PACKING pc=0x00000263cce100c0 sp=0x000000e5402fe8a0
Event: 545.743 Thread 0x0000026423985c00 DEOPT UNPACKING pc=0x00000263cc313aa2 sp=0x000000e5402fe848 mode 2
Event: 545.770 Thread 0x0000026423985c00 DEOPT PACKING pc=0x00000263c58167db sp=0x000000e5402fe470
Event: 545.770 Thread 0x0000026423985c00 DEOPT UNPACKING pc=0x00000263cc314242 sp=0x000000e5402fd8f8 mode 0
Event: 655.958 Thread 0x0000026423084700 DEOPT PACKING pc=0x00000263c61f1dc4 sp=0x000000e53f4fe720
Event: 655.959 Thread 0x0000026423084700 DEOPT UNPACKING pc=0x00000263cc314242 sp=0x000000e53f4fdc00 mode 0

Classes loaded (20 events):
Event: 19.605 Loading class java/util/concurrent/CompletableFuture$UniWhenComplete
Event: 19.605 Loading class java/util/concurrent/CompletableFuture$UniWhenComplete done
Event: 19.605 Loading class java/util/concurrent/CompletableFuture$UniCompose
Event: 19.605 Loading class java/util/concurrent/CompletableFuture$UniCompose done
Event: 19.605 Loading class java/util/concurrent/CompletableFuture$UniRelay
Event: 19.606 Loading class java/util/concurrent/CompletableFuture$UniRelay done
Event: 20.337 Loading class java/util/concurrent/ScheduledThreadPoolExecutor$DelayedWorkQueue$Itr
Event: 20.337 Loading class java/util/concurrent/ScheduledThreadPoolExecutor$DelayedWorkQueue$Itr done
Event: 21.062 Loading class java/lang/ProcessHandleImpl$ExitCompletion
Event: 21.062 Loading class java/lang/ProcessHandleImpl$ExitCompletion done
Event: 21.062 Loading class java/lang/ProcessHandleImpl$1
Event: 21.063 Loading class java/lang/ProcessHandleImpl$1 done
Event: 21.064 Loading class java/util/concurrent/CompletableFuture$UniHandle
Event: 21.064 Loading class java/util/concurrent/CompletableFuture$UniHandle done
Event: 32.084 Loading class sun/nio/cs/ISO_8859_1$Encoder
Event: 32.088 Loading class sun/nio/cs/ISO_8859_1$Encoder done
Event: 32.089 Loading class sun/nio/cs/Surrogate$Parser
Event: 32.089 Loading class sun/nio/cs/Surrogate$Parser done
Event: 32.089 Loading class sun/nio/cs/Surrogate
Event: 32.091 Loading class sun/nio/cs/Surrogate done

Classes unloaded (7 events):
Event: 6.683 Thread 0x00000263d8704090 Unloading class 0x00000263da1a3800 'java/lang/invoke/LambdaForm$MH+0x00000263da1a3800'
Event: 6.683 Thread 0x00000263d8704090 Unloading class 0x00000263da1a3400 'java/lang/invoke/LambdaForm$MH+0x00000263da1a3400'
Event: 6.683 Thread 0x00000263d8704090 Unloading class 0x00000263da1a3000 'java/lang/invoke/LambdaForm$MH+0x00000263da1a3000'
Event: 6.683 Thread 0x00000263d8704090 Unloading class 0x00000263da1a2c00 'java/lang/invoke/LambdaForm$MH+0x00000263da1a2c00'
Event: 6.683 Thread 0x00000263d8704090 Unloading class 0x00000263da1a2800 'java/lang/invoke/LambdaForm$BMH+0x00000263da1a2800'
Event: 6.683 Thread 0x00000263d8704090 Unloading class 0x00000263da1a2400 'java/lang/invoke/LambdaForm$DMH+0x00000263da1a2400'
Event: 6.683 Thread 0x00000263d8704090 Unloading class 0x00000263da1a1000 'java/lang/invoke/LambdaForm$DMH+0x00000263da1a1000'

Classes redefined (0 events):
No events

Internal exceptions (20 events):
Event: 18.753 Thread 0x0000026423985570 Exception <a 'sun/nio/fs/WindowsException'{0x00000000d5ffc350}> (0x00000000d5ffc350) 
thrown [s\src\hotspot\share\prims\jni.cpp, line 520]
Event: 18.753 Thread 0x0000026423985570 Exception <a 'sun/nio/fs/WindowsException'{0x00000000d5ffcba8}> (0x00000000d5ffcba8) 
thrown [s\src\hotspot\share\prims\jni.cpp, line 520]
Event: 18.757 Thread 0x0000026423985570 Exception <a 'sun/nio/fs/WindowsException'{0x00000000d605ca68}> (0x00000000d605ca68) 
thrown [s\src\hotspot\share\prims\jni.cpp, line 520]
Event: 18.757 Thread 0x0000026423985570 Exception <a 'sun/nio/fs/WindowsException'{0x00000000d605d570}> (0x00000000d605d570) 
thrown [s\src\hotspot\share\prims\jni.cpp, line 520]
Event: 18.776 Thread 0x00000264216ecb00 Exception <a 'sun/nio/fs/WindowsException'{0x00000000d5580cb0}> (0x00000000d5580cb0) 
thrown [s\src\hotspot\share\prims\jni.cpp, line 520]
Event: 18.776 Thread 0x00000264216ecb00 Exception <a 'sun/nio/fs/WindowsException'{0x00000000d5581508}> (0x00000000d5581508) 
thrown [s\src\hotspot\share\prims\jni.cpp, line 520]
Event: 18.815 Thread 0x00000264216eb750 Exception <a 'java/lang/NoSuchMethodError'{0x00000000d5cb8918}: 'void java.lang.invoke.DirectMethodHandle$Holder.invokeStatic(java.lang.Object, int, java.lang.Object)'> (0x00000000d5cb8918) 
thrown [s\src\hotspot\share\interpreter\linkResolver.cpp, line 773]
Event: 18.815 Thread 0x00000264239806b0 Exception <a 'java/lang/NoSuchMethodError'{0x00000000d5cc8198}: 'void java.lang.invoke.DirectMethodHandle$Holder.invokeStatic(java.lang.Object, int, java.lang.Object)'> (0x00000000d5cc8198) 
thrown [s\src\hotspot\share\interpreter\linkResolver.cpp, line 773]
Event: 18.890 Thread 0x00000264216eb750 Exception <a 'java/io/FileNotFoundException'{0x00000000d602cea8}> (0x00000000d602cea8) 
thrown [s\src\hotspot\share\prims\jni.cpp, line 520]
Event: 18.891 Thread 0x00000264216eb750 Exception <a 'java/io/FileNotFoundException'{0x00000000d602df90}> (0x00000000d602df90) 
thrown [s\src\hotspot\share\prims\jni.cpp, line 520]
Event: 18.891 Thread 0x00000264216eb750 Exception <a 'java/io/FileNotFoundException'{0x00000000d602ecf8}> (0x00000000d602ecf8) 
thrown [s\src\hotspot\share\prims\jni.cpp, line 520]
Event: 19.146 Thread 0x0000026426099b20 Exception <a 'java/io/FileNotFoundException'{0x00000000d5d47438}> (0x00000000d5d47438) 
thrown [s\src\hotspot\share\prims\jni.cpp, line 520]
Event: 19.454 Thread 0x0000026426099b20 Exception <a 'java/lang/NoSuchMethodError'{0x00000000d6274610}: 'java.lang.Object java.lang.invoke.DirectMethodHandle$Holder.invokeVirtual(java.lang.Object, java.lang.Object, java.lang.Object, java.lang.Object)'> (0x00000000d6274610) 
thrown [s\src\hotspot\share\interpreter\linkResolver.cpp, line 773]
Event: 19.529 Thread 0x000002642609bbf0 Exception <a 'java/lang/NoSuchMethodError'{0x00000000d57148f0}: 'java.lang.Object java.lang.invoke.DirectMethodHandle$Holder.invokeStatic(java.lang.Object, long, java.lang.Object, java.lang.Object)'> (0x00000000d57148f0) 
thrown [s\src\hotspot\share\interpreter\linkResolver.cpp, line 773]
Event: 19.559 Thread 0x000002642609bbf0 Exception <a 'sun/nio/fs/WindowsException'{0x00000000d57b8800}> (0x00000000d57b8800) 
thrown [s\src\hotspot\share\prims\jni.cpp, line 520]
Event: 19.559 Thread 0x000002642609bbf0 Exception <a 'sun/nio/fs/WindowsException'{0x00000000d57b9800}> (0x00000000d57b9800) 
thrown [s\src\hotspot\share\prims\jni.cpp, line 520]
Event: 20.832 Thread 0x000002642609c280 Exception <a 'java/lang/NoSuchMethodError'{0x00000000d58d0308}: 'long java.lang.invoke.DelegatingMethodHandle$Holder.reinvoke_L(java.lang.Object, java.lang.Object)'> (0x00000000d58d0308) 
thrown [s\src\hotspot\share\interpreter\linkResolver.cpp, line 773]
Event: 20.834 Thread 0x000002642609c280 Exception <a 'java/lang/NoSuchMethodError'{0x00000000d58da2e0}: 'void java.lang.invoke.DelegatingMethodHandle$Holder.reinvoke_L(java.lang.Object, java.lang.Object, long)'> (0x00000000d58da2e0) 
thrown [s\src\hotspot\share\interpreter\linkResolver.cpp, line 773]
Event: 21.065 Thread 0x000002642609c280 Exception <a 'java/lang/NoSuchMethodError'{0x00000000d59c7860}: 'long java.lang.invoke.Invokers$Holder.invokeExact_MT(java.lang.Object, java.lang.Object, java.lang.Object)'> (0x00000000d59c7860) 
thrown [s\src\hotspot\share\interpreter\linkResolver.cpp, line 773]
Event: 53.125 Thread 0x0000026423084700 Exception <a 'java/lang/IncompatibleClassChangeError'{0x00000000d5d010c0}: Found class java.lang.Object, but interface was expected> (0x00000000d5d010c0) 
thrown [s\src\hotspot\share\interpreter\linkResolver.cpp, line 840]

ZGC Phase Switch (0 events):
No events

VM Operations (20 events):
Event: 721.249 Executing non-safepoint VM operation: HandshakeAllThreads (HandshakeForDeflation)
Event: 721.249 Executing non-safepoint VM operation: HandshakeAllThreads (HandshakeForDeflation) done
Event: 721.249 Executing non-safepoint VM operation: RendezvousGCThreads
Event: 721.250 Executing non-safepoint VM operation: RendezvousGCThreads done
Event: 781.430 Executing non-safepoint VM operation: HandshakeAllThreads (HandshakeForDeflation)
Event: 781.432 Executing non-safepoint VM operation: HandshakeAllThreads (HandshakeForDeflation) done
Event: 781.432 Executing non-safepoint VM operation: RendezvousGCThreads
Event: 781.432 Executing non-safepoint VM operation: RendezvousGCThreads done
Event: 841.679 Executing non-safepoint VM operation: HandshakeAllThreads (HandshakeForDeflation)
Event: 841.682 Executing non-safepoint VM operation: HandshakeAllThreads (HandshakeForDeflation) done
Event: 841.682 Executing non-safepoint VM operation: RendezvousGCThreads
Event: 841.682 Executing non-safepoint VM operation: RendezvousGCThreads done
Event: 901.813 Executing non-safepoint VM operation: HandshakeAllThreads (HandshakeForDeflation)
Event: 901.817 Executing non-safepoint VM operation: HandshakeAllThreads (HandshakeForDeflation) done
Event: 901.817 Executing non-safepoint VM operation: RendezvousGCThreads
Event: 901.817 Executing non-safepoint VM operation: RendezvousGCThreads done
Event: 1022.055 Executing non-safepoint VM operation: HandshakeAllThreads (HandshakeForDeflation)
Event: 1022.057 Executing non-safepoint VM operation: HandshakeAllThreads (HandshakeForDeflation) done
Event: 1022.057 Executing non-safepoint VM operation: RendezvousGCThreads
Event: 1022.057 Executing non-safepoint VM operation: RendezvousGCThreads done

Memory protections (0 events):
No events

Nmethod flushes (20 events):
Event: 14.739 Thread 0x00000263d8704090 flushing  nmethod 0x00000263c5752410
Event: 14.739 Thread 0x00000263d8704090 flushing  nmethod 0x00000263c5753b10
Event: 14.739 Thread 0x00000263d8704090 flushing  nmethod 0x00000263c577d310
Event: 14.739 Thread 0x00000263d8704090 flushing osr nmethod 0x00000263c57b9f10
Event: 14.739 Thread 0x00000263d8704090 flushing  nmethod 0x00000263c57e8810
Event: 14.739 Thread 0x00000263d8704090 flushing  nmethod 0x00000263c5802d10
Event: 14.739 Thread 0x00000263d8704090 flushing  nmethod 0x00000263c5805f10
Event: 14.739 Thread 0x00000263d8704090 flushing  nmethod 0x00000263c5806290
Event: 14.739 Thread 0x00000263d8704090 flushing  nmethod 0x00000263c581e390
Event: 14.739 Thread 0x00000263d8704090 flushing  nmethod 0x00000263c581e990
Event: 14.739 Thread 0x00000263d8704090 flushing  nmethod 0x00000263c581f090
Event: 14.739 Thread 0x00000263d8704090 flushing  nmethod 0x00000263c581f910
Event: 14.739 Thread 0x00000263d8704090 flushing  nmethod 0x00000263c581fc90
Event: 14.739 Thread 0x00000263d8704090 flushing  nmethod 0x00000263c5821c10
Event: 14.739 Thread 0x00000263d8704090 flushing  nmethod 0x00000263c5833a90
Event: 14.739 Thread 0x00000263d8704090 flushing  nmethod 0x00000263c5839f90
Event: 14.739 Thread 0x00000263d8704090 flushing  nmethod 0x00000263c5841210
Event: 14.739 Thread 0x00000263d8704090 flushing  nmethod 0x00000263c5868a90
Event: 14.739 Thread 0x00000263d8704090 flushing  nmethod 0x00000263c58f6390
Event: 14.739 Thread 0x00000263d8704090 flushing  nmethod 0x00000263c5903790

Events (20 events):
Event: 199.870 Thread 0x00000264216ed190 Thread exited: 0x00000264216ed190
Event: 213.278 Thread 0x00000263c1d2a400 Thread added: 0x0000026423b58730
Event: 213.278 Thread 0x00000263c1d2a400 Thread added: 0x000002642479a750
Event: 213.546 Thread 0x0000026423b58730 Thread exited: 0x0000026423b58730
Event: 218.573 Thread 0x000002642479a750 Thread exited: 0x000002642479a750
Event: 259.863 Thread 0x00000264216ec470 Thread exited: 0x00000264216ec470
Event: 263.784 Thread 0x00000263c1d2a400 Thread added: 0x000002642479a750
Event: 263.785 Thread 0x00000263c1d2a400 Thread added: 0x0000026423b58730
Event: 267.228 Thread 0x0000026423b58730 Thread exited: 0x0000026423b58730
Event: 267.228 Thread 0x000002642479a750 Thread exited: 0x000002642479a750
Event: 379.949 Thread 0x00000263c1d2a400 Thread added: 0x0000026424d75370
Event: 385.222 Thread 0x0000026424d75370 Thread exited: 0x0000026424d75370
Event: 651.223 Thread 0x00000263c1d2a400 Thread added: 0x00000264231601e0
Event: 660.967 Thread 0x00000264231601e0 Thread exited: 0x00000264231601e0
Event: 769.418 Thread 0x0000026423984850 Thread exited: 0x0000026423984850
Event: 829.432 Thread 0x0000026423985570 Thread exited: 0x0000026423985570
Event: 889.441 Thread 0x0000026423985c00 Thread exited: 0x0000026423985c00
Event: 949.455 Thread 0x00000264239813d0 Thread exited: 0x00000264239813d0
Event: 1009.473 Thread 0x0000026423982780 Thread exited: 0x0000026423982780
Event: 1069.477 Thread 0x000002642397ec70 Thread exited: 0x000002642397ec70


Dynamic libraries:
0x00007ff7730a0000 - 0x00007ff7730ae000 	c:\Users\marce\.vscode\extensions\redhat.java-1.54.0-win32-x64\jre\21.0.10-win32-x86_64\bin\java.exe
0x00007ffe68000000 - 0x00007ffe68267000 	C:\WINDOWS\SYSTEM32\ntdll.dll
0x00007ffe668d0000 - 0x00007ffe66999000 	C:\WINDOWS\System32\KERNEL32.DLL
0x00007ffe64f20000 - 0x00007ffe65317000 	C:\WINDOWS\System32\KERNELBASE.dll
0x00007ffe64d20000 - 0x00007ffe64e6b000 	C:\WINDOWS\System32\ucrtbase.dll
0x00007ffe30440000 - 0x00007ffe30458000 	c:\Users\marce\.vscode\extensions\redhat.java-1.54.0-win32-x64\jre\21.0.10-win32-x86_64\bin\jli.dll
0x00007ffe66530000 - 0x00007ffe666f6000 	C:\WINDOWS\System32\USER32.dll
0x00007ffe65d50000 - 0x00007ffe65d77000 	C:\WINDOWS\System32\win32u.dll
0x00007ffe4b0d0000 - 0x00007ffe4b362000 	C:\WINDOWS\WinSxS\amd64_microsoft.windows.common-controls_6595b64144ccf1df_6.0.26100.8457_none_3e0b2faee331e92d\COMCTL32.dll
0x00007ffe661b0000 - 0x00007ffe66259000 	C:\WINDOWS\System32\msvcrt.dll
0x00007ffe65d80000 - 0x00007ffe65dab000 	C:\WINDOWS\System32\GDI32.dll
0x00007ffe65b90000 - 0x00007ffe65cbc000 	C:\WINDOWS\System32\gdi32full.dll
0x00007ffe2f780000 - 0x00007ffe2f79e000 	c:\Users\marce\.vscode\extensions\redhat.java-1.54.0-win32-x64\jre\21.0.10-win32-x86_64\bin\VCRUNTIME140.dll
0x00007ffe64e70000 - 0x00007ffe64f13000 	C:\WINDOWS\System32\msvcp_win.dll
0x00007ffe67010000 - 0x00007ffe67042000 	C:\WINDOWS\System32\IMM32.DLL
0x00007ffe5eb00000 - 0x00007ffe5eb0c000 	c:\Users\marce\.vscode\extensions\redhat.java-1.54.0-win32-x64\jre\21.0.10-win32-x86_64\bin\vcruntime140_1.dll
0x00007ffde5420000 - 0x00007ffde54ad000 	c:\Users\marce\.vscode\extensions\redhat.java-1.54.0-win32-x64\jre\21.0.10-win32-x86_64\bin\msvcp140.dll
0x00007ffd9c070000 - 0x00007ffd9ce11000 	c:\Users\marce\.vscode\extensions\redhat.java-1.54.0-win32-x64\jre\21.0.10-win32-x86_64\bin\server\jvm.dll
0x00007ffe66eb0000 - 0x00007ffe66f66000 	C:\WINDOWS\System32\ADVAPI32.dll
0x00007ffe67200000 - 0x00007ffe672a7000 	C:\WINDOWS\System32\sechost.dll
0x00007ffe66d40000 - 0x00007ffe66e58000 	C:\WINDOWS\System32\RPCRT4.dll
0x00007ffe660a0000 - 0x00007ffe66120000 	C:\WINDOWS\System32\WS2_32.dll
0x00007ffe635f0000 - 0x00007ffe6364e000 	C:\WINDOWS\SYSTEM32\POWRPROF.dll
0x00007ffe59080000 - 0x00007ffe590b6000 	C:\WINDOWS\SYSTEM32\WINMM.dll
0x00007ffe5a300000 - 0x00007ffe5a30b000 	C:\WINDOWS\SYSTEM32\VERSION.dll
0x00007ffe635d0000 - 0x00007ffe635e4000 	C:\WINDOWS\SYSTEM32\UMPDC.dll
0x00007ffe638a0000 - 0x00007ffe638bb000 	C:\WINDOWS\SYSTEM32\kernel.appcore.dll
0x00007ffe5e2a0000 - 0x00007ffe5e2aa000 	c:\Users\marce\.vscode\extensions\redhat.java-1.54.0-win32-x64\jre\21.0.10-win32-x86_64\bin\jimage.dll
0x00007ffe623f0000 - 0x00007ffe62632000 	C:\WINDOWS\SYSTEM32\DBGHELP.DLL
0x00007ffe669a0000 - 0x00007ffe66d23000 	C:\WINDOWS\System32\combase.dll
0x00007ffe667f0000 - 0x00007ffe668c9000 	C:\WINDOWS\System32\OLEAUT32.dll
0x00007ffe4ad40000 - 0x00007ffe4ad7b000 	C:\WINDOWS\SYSTEM32\dbgcore.DLL
0x00007ffe64af0000 - 0x00007ffe64b98000 	C:\WINDOWS\System32\bcryptPrimitives.dll
0x00007ffe58fd0000 - 0x00007ffe58fdf000 	c:\Users\marce\.vscode\extensions\redhat.java-1.54.0-win32-x64\jre\21.0.10-win32-x86_64\bin\instrument.dll
0x00007ffe2f760000 - 0x00007ffe2f780000 	c:\Users\marce\.vscode\extensions\redhat.java-1.54.0-win32-x64\jre\21.0.10-win32-x86_64\bin\java.dll
0x00007ffe67840000 - 0x00007ffe67fae000 	C:\WINDOWS\System32\SHELL32.dll
0x00007ffe65320000 - 0x00007ffe65b8c000 	C:\WINDOWS\System32\windows.storage.dll
0x00007ffe67740000 - 0x00007ffe67836000 	C:\WINDOWS\System32\SHCORE.dll
0x00007ffe66fa0000 - 0x00007ffe67006000 	C:\WINDOWS\System32\shlwapi.dll
0x00007ffe64950000 - 0x00007ffe64979000 	C:\WINDOWS\SYSTEM32\profapi.dll
0x00007ffe2f110000 - 0x00007ffe2f128000 	c:\Users\marce\.vscode\extensions\redhat.java-1.54.0-win32-x64\jre\21.0.10-win32-x86_64\bin\zip.dll
0x00007ffe51a40000 - 0x00007ffe51a50000 	C:\Users\marce\.vscode\extensions\redhat.java-1.54.0-win32-x64\jre\21.0.10-win32-x86_64\bin\net.dll
0x00007ffe5e670000 - 0x00007ffe5e799000 	C:\WINDOWS\SYSTEM32\WINHTTP.dll
0x00007ffe63df0000 - 0x00007ffe63e5c000 	C:\WINDOWS\system32\mswsock.dll
0x00007ffe2efa0000 - 0x00007ffe2efb6000 	C:\Users\marce\.vscode\extensions\redhat.java-1.54.0-win32-x64\jre\21.0.10-win32-x86_64\bin\nio.dll
0x00007ffe4b610000 - 0x00007ffe4b620000 	c:\Users\marce\.vscode\extensions\redhat.java-1.54.0-win32-x64\jre\21.0.10-win32-x86_64\bin\verify.dll
0x00007ffe18160000 - 0x00007ffe181a5000 	C:\Users\marce\AppData\Roaming\Code\User\globalStorage\redhat.java\1.54.0\config_win\org.eclipse.equinox.launcher\org.eclipse.equinox.launcher.win32.win32.x86_64_1.3.0.v20260203-2149\eclipse_11919.dll
0x00007ffe67050000 - 0x00007ffe671e7000 	C:\WINDOWS\System32\ole32.dll
0x00007ffe641f0000 - 0x00007ffe6420b000 	C:\WINDOWS\SYSTEM32\CRYPTSP.dll
0x00007ffe63800000 - 0x00007ffe63839000 	C:\WINDOWS\system32\rsaenh.dll
0x00007ffe63ea0000 - 0x00007ffe63ed3000 	C:\WINDOWS\SYSTEM32\USERENV.dll
0x00007ffe64920000 - 0x00007ffe6494a000 	C:\WINDOWS\SYSTEM32\bcrypt.dll
0x00007ffe64050000 - 0x00007ffe6405c000 	C:\WINDOWS\SYSTEM32\CRYPTBASE.dll
0x00007ffe632b0000 - 0x00007ffe632e2000 	C:\WINDOWS\SYSTEM32\IPHLPAPI.DLL
0x00007ffe671f0000 - 0x00007ffe671fa000 	C:\WINDOWS\System32\NSI.dll
0x00007ffe11210000 - 0x00007ffe11259000 	C:\Users\marce\AppData\Local\Temp\jna-103666240\jna15971218867544571049.dll
0x00007ffe667e0000 - 0x00007ffe667e8000 	C:\WINDOWS\System32\PSAPI.DLL
0x00007ffe5e850000 - 0x00007ffe5e86d000 	C:\WINDOWS\SYSTEM32\dhcpcsvc6.DLL
0x00007ffe5e820000 - 0x00007ffe5e845000 	C:\WINDOWS\SYSTEM32\dhcpcsvc.DLL
0x00007ffe385d0000 - 0x00007ffe385d9000 	C:\Users\marce\.vscode\extensions\redhat.java-1.54.0-win32-x64\jre\21.0.10-win32-x86_64\bin\extnet.dll

JVMTI agents:
c:\Users\marce\.vscode\extensions\redhat.java-1.54.0-win32-x64\lombok\lombok-1.18.39-4050.jar path:c:\Users\marce\.vscode\extensions\redhat.java-1.54.0-win32-x64\jre\21.0.10-win32-x86_64\bin\instrument.dll, loaded, initialized, instrumentlib options:none

dbghelp: loaded successfully - version: 4.0.5 - missing functions: none
symbol engine: initialized successfully - sym options: 0x614 - pdb path: .;c:\Users\marce\.vscode\extensions\redhat.java-1.54.0-win32-x64\jre\21.0.10-win32-x86_64\bin;C:\WINDOWS\SYSTEM32;C:\WINDOWS\WinSxS\amd64_microsoft.windows.common-controls_6595b64144ccf1df_6.0.26100.8457_none_3e0b2faee331e92d;c:\Users\marce\.vscode\extensions\redhat.java-1.54.0-win32-x64\jre\21.0.10-win32-x86_64\bin\server;C:\Users\marce\AppData\Roaming\Code\User\globalStorage\redhat.java\1.54.0\config_win\org.eclipse.equinox.launcher\org.eclipse.equinox.launcher.win32.win32.x86_64_1.3.0.v20260203-2149;C:\Users\marce\AppData\Local\Temp\jna-103666240

VM Arguments:
jvm_args: --add-modules=ALL-SYSTEM --add-opens=java.base/java.util=ALL-UNNAMED --add-opens=java.base/java.lang=ALL-UNNAMED --add-opens=java.base/sun.nio.fs=ALL-UNNAMED -Declipse.application=org.eclipse.jdt.ls.core.id1 -Dosgi.bundles.defaultStartLevel=4 -Declipse.product=org.eclipse.jdt.ls.core.product -Djava.import.generatesMetadataFilesAtProjectRoot=false -DDetectVMInstallationsJob.disabled=true -Dfile.encoding=utf8 -XX:+UseParallelGC -XX:GCTimeRatio=4 -XX:AdaptiveSizePolicyWeight=90 -Dsun.zip.disableMemoryMapping=true -Xmx2G -Xms100m -Xlog:disable -javaagent:c:\Users\marce\.vscode\extensions\redhat.java-1.54.0-win32-x64\lombok\lombok-1.18.39-4050.jar -XX:+HeapDumpOnOutOfMemoryError -XX:HeapDumpPath=c:\Users\marce\AppData\Roaming\Code\User\workspaceStorage\9627c58f7695af0fbb4d2b9188795bff\redhat.java -Daether.dependencyCollector.impl=bf 
java_command: c:\Users\marce\.vscode\extensions\redhat.java-1.54.0-win32-x64\server\plugins\org.eclipse.equinox.launcher_1.7.100.v20251111-0406.jar -configuration c:\Users\marce\AppData\Roaming\Code\User\globalStorage\redhat.java\1.54.0\config_win -data c:\Users\marce\AppData\Roaming\Code\User\workspaceStorage\9627c58f7695af0fbb4d2b9188795bff\redhat.java\jdt_ws --pipe=\\.\pipe\lsp-888dec0dca78861290f6c8156e219671-sock
java_class_path (initial): c:\Users\marce\.vscode\extensions\redhat.java-1.54.0-win32-x64\server\plugins\org.eclipse.equinox.launcher_1.7.100.v20251111-0406.jar
Launcher Type: SUN_STANDARD

[Global flags]
    uintx AdaptiveSizePolicyWeight                 = 90                                        {product} {command line}
     intx CICompilerCount                          = 12                                        {product} {ergonomic}
    uintx GCTimeRatio                              = 4                                         {product} {command line}
     bool HeapDumpOnOutOfMemoryError               = true                                   {manageable} {command line}
    ccstr HeapDumpPath                             = c:\Users\marce\AppData\Roaming\Code\User\workspaceStorage\9627c58f7695af0fbb4d2b9188795bff\redhat.java         {manageable} {command line}
   size_t InitialHeapSize                          = 104857600                                 {product} {command line}
   size_t MaxHeapSize                              = 2147483648                                {product} {command line}
   size_t MaxNewSize                               = 715653120                                 {product} {ergonomic}
   size_t MinHeapDeltaBytes                        = 524288                                    {product} {ergonomic}
   size_t MinHeapSize                              = 104857600                                 {product} {command line}
   size_t NewSize                                  = 34603008                                  {product} {ergonomic}
    uintx NonNMethodCodeHeapSize                   = 7602480                                {pd product} {ergonomic}
    uintx NonProfiledCodeHeapSize                  = 122027880                              {pd product} {ergonomic}
   size_t OldSize                                  = 70254592                                  {product} {ergonomic}
    uintx ProfiledCodeHeapSize                     = 122027880                              {pd product} {ergonomic}
    uintx ReservedCodeCacheSize                    = 251658240                              {pd product} {ergonomic}
     bool SegmentedCodeCache                       = true                                      {product} {ergonomic}
   size_t SoftMaxHeapSize                          = 2147483648                             {manageable} {ergonomic}
     bool UseCompressedOops                        = true                           {product lp64_product} {ergonomic}
     bool UseLargePagesIndividualAllocation        = false                                  {pd product} {ergonomic}
     bool UseParallelGC                            = true                                      {product} {command line}

Logging:
Log output configuration:
 #0: stdout all=off uptime,level,tags foldmultilines=false
 #1: stderr all=off uptime,level,tags foldmultilines=false

Release file:
JAVA_VERSION="21.0.10" 
MODULES="java.base java.compiler java.datatransfer java.xml java.prefs java.desktop java.instrument java.logging java.management java.security.sasl java.naming java.rmi java.management.rmi java.net.http java.scripting java.security.jgss java.transaction.xa java.sql java.sql.rowset java.xml.crypto java.se java.smartcardio jdk.accessibility jdk.internal.jvmstat jdk.attach jdk.charsets jdk.internal.opt jdk.zipfs jdk.compiler jdk.crypto.ec jdk.crypto.cryptoki jdk.crypto.mscapi jdk.dynalink jdk.internal.ed jdk.editpad jdk.hotspot.agent jdk.httpserver jdk.internal.le jdk.internal.vm.ci jdk.internal.vm.compiler jdk.internal.vm.compiler.management jdk.jartool jdk.javadoc jdk.jcmd jdk.management jdk.management.agent jdk.jconsole jdk.jdeps jdk.jdwp.agent jdk.jdi jdk.jfr jdk.jshell jdk.jsobject jdk.jstatd jdk.localedata jdk.management.jfr jdk.naming.dns jdk.naming.rmi jdk.net jdk.nio.mapmode jdk.random jdk.sctp jdk.security.auth jdk.security.jgss jdk.unsupported jdk.unsupported.desktop jdk.xml.dom" 

Environment Variables:
PATH=C:\Users\marce\AppData\Local\Programs\Microsoft VS Code;C:\oracleXE\dbhomeXE\bin;C:\Program Files\Common Files\Oracle\Java\javapath;C:\Program Files (x86)\Common Files\Oracle\Java\java8path;C:\Program Files (x86)\Common Files\Oracle\Java\javapath;C:\WINDOWS\system32;C:\WINDOWS;C:\WINDOWS\System32\Wbem;C:\WINDOWS\System32\WindowsPowerShell\v1.0\;C:\WINDOWS\System32\OpenSSH\;C:\Program Files\Git\cmd;C:\Program Files (x86)\Microsoft SQL Server\170\Tools\Binn\;C:\Program Files\Microsoft SQL Server\170\Tools\Binn\;C:\Program Files\Microsoft SQL Server\Client SDK\ODBC\180\Tools\Binn\;C:\Program Files\Microsoft SQL Server\170\DTS\Binn\;C:\Program Files\Docker\Docker\resources\bin;C:\Users\marce\AppData\Local\Microsoft\WindowsApps;C:\Users\marce\AppData\Local\Programs\IntelliJ IDEA 2025.2.2\bin;C:\Users\marce\AppData\Local\Programs\Microsoft VS Code\bin
USERNAME=marce
OS=Windows_NT
PROCESSOR_IDENTIFIER=Intel64 Family 6 Model 154 Stepping 3, GenuineIntel
TMP=C:\Users\marce\AppData\Local\Temp
TEMP=C:\Users\marce\AppData\Local\Temp




Periodic native trim disabled

---------------  S Y S T E M  ---------------

OS:
 Windows 11 , 64 bit Build 26100 (10.0.26100.8328)
OS uptime: 5 days 11:00 hours
Hyper-V role detected

CPU: total 16 (initial active 16) (8 cores per cpu, 2 threads per core) family 6 model 154 stepping 3 microcode 0x434, cx8, cmov, fxsr, ht, mmx, 3dnowpref, sse, sse2, sse3, ssse3, sse4.1, sse4.2, popcnt, lzcnt, tsc, tscinvbit, avx, avx2, aes, erms, clmul, bmi1, bmi2, adx, sha, fma, vzeroupper, clflush, clflushopt, clwb, hv, serialize, rdtscp, rdpid, fsrm, f16c, cet_ibt, cet_ss
Processor Information for processor 0
  Max Mhz: 2500, Current Mhz: 2500, Mhz Limit: 2500
Processor Information for processor 1
  Max Mhz: 2500, Current Mhz: 2500, Mhz Limit: 2500
Processor Information for processor 2
  Max Mhz: 2500, Current Mhz: 2500, Mhz Limit: 2500
Processor Information for processor 3
  Max Mhz: 2500, Current Mhz: 2500, Mhz Limit: 2500
Processor Information for processor 4
  Max Mhz: 2500, Current Mhz: 2500, Mhz Limit: 2500
Processor Information for processor 5
  Max Mhz: 2500, Current Mhz: 2500, Mhz Limit: 2500
Processor Information for processor 6
  Max Mhz: 2500, Current Mhz: 2500, Mhz Limit: 2500
Processor Information for processor 7
  Max Mhz: 2500, Current Mhz: 2500, Mhz Limit: 2500
Processor Information for processor 8
  Max Mhz: 2500, Current Mhz: 2500, Mhz Limit: 2500
Processor Information for processor 9
  Max Mhz: 2500, Current Mhz: 2500, Mhz Limit: 2500
Processor Information for processor 10
  Max Mhz: 2500, Current Mhz: 1527, Mhz Limit: 2500
Processor Information for processor 11
  Max Mhz: 2500, Current Mhz: 1527, Mhz Limit: 2500
Processor Information for processor 12
  Max Mhz: 2500, Current Mhz: 1527, Mhz Limit: 2500
Processor Information for processor 13
  Max Mhz: 2500, Current Mhz: 2500, Mhz Limit: 2500
Processor Information for processor 14
  Max Mhz: 2500, Current Mhz: 1527, Mhz Limit: 2500
Processor Information for processor 15
  Max Mhz: 2500, Current Mhz: 2500, Mhz Limit: 2500

Memory: 4k page, system-wide physical 7811M (656M free)
TotalPageFile size 31363M (AvailPageFile size 32M)
current process WorkingSet (physical memory assigned to process): 8M, peak: 334M
current process commit charge ("private bytes"): 392M, peak: 437M

vm_info: OpenJDK 64-Bit Server VM (21.0.10+7-LTS) for windows-amd64 JRE (21.0.10+7-LTS), built on 2026-01-20T00:00:00Z by "admin" with MS VC++ 17.12 (VS2022)

END.
